<?xml version="1.0" encoding="UTF-8"?>
<!-- Generated by org.testng.reporters.JUnitReportReporter -->
<testsuite hostname="MyPC" failures="0" tests="3" name="Testpackage.RegistrationAndLogin" time="52.460" errors="0" timestamp="2022-11-22T00:14:42 IST" skipped="0">
  <testcase classname="Testpackage.RegistrationAndLogin" name="logininvalid" time="15.919"/>
  <system-out/>
  <testcase classname="Testpackage.RegistrationAndLogin" name="logouttest" time="19.673"/>
  <system-out/>
  <testcase classname="Testpackage.RegistrationAndLogin" name="loginvalid" time="16.868"/>
  <system-out/>
</testsuite> <!-- Testpackage.RegistrationAndLogin -->
