<?xml version="1.0" encoding="UTF-8"?>
<!-- Generated by org.testng.reporters.JUnitReportReporter -->
<testsuite hostname="MyPC" failures="0" tests="8" name="Testpackage.PlacingOrder" time="61.538" errors="0" timestamp="2022-11-23T21:22:12 IST" skipped="0">
  <testcase classname="Testpackage.PlacingOrder" name="TestCase1" time="8.436"/>
  <system-out/>
  <testcase classname="Testpackage.PlacingOrder" name="TestCase2" time="2.249"/>
  <system-out/>
  <testcase classname="Testpackage.PlacingOrder" name="TestCase3" time="6.179"/>
  <system-out/>
  <testcase classname="Testpackage.PlacingOrder" name="TestCase4" time="9.477"/>
  <system-out/>
  <testcase classname="Testpackage.PlacingOrder" name="TestCase5" time="26.684"/>
  <system-out/>
  <testcase classname="Testpackage.PlacingOrder" name="TestCase6" time="1.687"/>
  <system-out/>
  <testcase classname="Testpackage.PlacingOrder" name="TestCase7" time="4.882"/>
  <system-out/>
  <testcase classname="Testpackage.PlacingOrder" name="TestCase8" time="1.944"/>
  <system-out/>
</testsuite> <!-- Testpackage.PlacingOrder -->
