<?xml version="1.0" encoding="UTF-8"?>
<!-- Generated by org.testng.reporters.JUnitReportReporter -->
<testsuite hostname="MyPC" failures="0" tests="1" name="Testpackage.SearchProduct" time="2.981" errors="0" timestamp="2022-11-21T23:24:02 IST" skipped="0">
  <testcase classname="Testpackage.SearchProduct" name="searchproduct" time="2.981"/>
  <system-out/>
</testsuite> <!-- Testpackage.SearchProduct -->
