<?xml version="1.0" encoding="UTF-8"?>
<!-- Generated by org.testng.reporters.JUnitReportReporter -->
<testsuite hostname="MyPC" failures="0" tests="6" name="Testpackage.HomePage" time="7.895" errors="0" timestamp="2022-12-01T12:45:02 IST" skipped="0">
  <testcase classname="Testpackage.HomePage" name="ContactUsTest" time="1.073"/>
  <system-out/>
  <testcase classname="Testpackage.HomePage" name="SearchbarTest" time="1.054"/>
  <system-out/>
  <testcase classname="Testpackage.HomePage" name="TitleTest" time="1.026"/>
  <system-out/>
  <testcase classname="Testpackage.HomePage" name="LogoTest" time="1.078"/>
  <system-out/>
  <testcase classname="Testpackage.HomePage" name="UsernameTest" time="1.067"/>
  <system-out/>
  <testcase classname="Testpackage.HomePage" name="AboutUsTest" time="2.597"/>
  <system-out/>
</testsuite> <!-- Testpackage.HomePage -->
