<?xml version="1.0" encoding="UTF-8"?>
<!-- Generated by org.testng.reporters.JUnitReportReporter -->
<testsuite hostname="MyPC" failures="0" tests="5" name="Testpackage.LoginAndLogout" time="106.071" errors="0" timestamp="2022-12-01T14:17:46 IST" skipped="0">
  <testcase classname="Testpackage.LoginAndLogout" name="loginvalid" time="26.783"/>
  <system-out/>
  <testcase classname="Testpackage.LoginAndLogout" name="logouttest" time="18.536"/>
  <system-out/>
  <testcase classname="Testpackage.LoginAndLogout" name="logininvalid" time="19.303"/>
  <system-out/>
  <testcase classname="Testpackage.LoginAndLogout" name="forgotpasswordvalid" time="23.061"/>
  <system-out/>
  <testcase classname="Testpackage.LoginAndLogout" name="forgotpasswordinvalid" time="18.388"/>
  <system-out/>
</testsuite> <!-- Testpackage.LoginAndLogout -->
